<?xml version="1.0" encoding="UTF-8"?>
<testsuite xmlns:xsi="http://www.w3.org/2001/XMLSchema-instance" xsi:noNamespaceSchemaLocation="https://maven.apache.org/surefire/maven-surefire-plugin/xsd/surefire-test-report.xsd" version="3.0.1" name="uk.ac.starlink.hdx.ResourceTypeTest" time="0.001" tests="2" errors="0" skipped="2" failures="0">
  <properties>
    <property name="java.specification.version" value="21"/>
    <property name="sun.jnu.encoding" value="UTF-8"/>
    <property name="java.class.path" value="/Users/icshih/Programs/projects/starjava_fork/hdx/target/test-classes:/Users/icshih/Programs/projects/starjava_fork/hdx/target/classes:/Users/icshih/Programs/projects/starjava_fork/util/target/util-1.0-SNAPSHOT.jar:/Users/icshih/Programs/projects/starjava_fork/auth/target/auth-1.0-SNAPSHOT.jar:/Users/icshih/.m2/repository/org/w3c/dom/2.3.0-jaxb-1.0.6/dom-2.3.0-jaxb-1.0.6.jar:/Users/icshih/.m2/repository/ch/qos/logback/logback-classic/1.5.15/logback-classic-1.5.15.jar:/Users/icshih/.m2/repository/ch/qos/logback/logback-core/1.5.15/logback-core-1.5.15.jar:/Users/icshih/.m2/repository/org/slf4j/slf4j-api/2.0.15/slf4j-api-2.0.15.jar:/Users/icshih/.m2/repository/org/junit/jupiter/junit-jupiter-api/5.11.0/junit-jupiter-api-5.11.0.jar:/Users/icshih/.m2/repository/org/opentest4j/opentest4j/1.3.0/opentest4j-1.3.0.jar:/Users/icshih/.m2/repository/org/junit/platform/junit-platform-commons/1.11.0/junit-platform-commons-1.11.0.jar:/Users/icshih/.m2/repository/org/apiguardian/apiguardian-api/1.1.2/apiguardian-api-1.1.2.jar:/Users/icshih/.m2/repository/org/junit/jupiter/junit-jupiter-params/5.11.0/junit-jupiter-params-5.11.0.jar:"/>
    <property name="java.vm.vendor" value="Oracle Corporation"/>
    <property name="sun.arch.data.model" value="64"/>
    <property name="java.vendor.url" value="https://java.oracle.com/"/>
    <property name="user.timezone" value="Europe/Madrid"/>
    <property name="os.name" value="Mac OS X"/>
    <property name="java.vm.specification.version" value="21"/>
    <property name="sun.java.launcher" value="SUN_STANDARD"/>
    <property name="user.country" value="GB"/>
    <property name="sun.boot.library.path" value="/Users/icshih/.sdkman/candidates/java/21.0.5-oracle/lib"/>
    <property name="sun.java.command" value="/Users/icshih/Programs/projects/starjava_fork/hdx/target/surefire/surefirebooter-20241231212314031_53.jar /Users/icshih/Programs/projects/starjava_fork/hdx/target/surefire 2024-12-31T21-23-07_593-jvmRun1 surefire-20241231212314031_51tmp surefire_7-20241231212314031_52tmp"/>
    <property name="jdk.debug" value="release"/>
    <property name="surefire.test.class.path" value="/Users/icshih/Programs/projects/starjava_fork/hdx/target/test-classes:/Users/icshih/Programs/projects/starjava_fork/hdx/target/classes:/Users/icshih/Programs/projects/starjava_fork/util/target/util-1.0-SNAPSHOT.jar:/Users/icshih/Programs/projects/starjava_fork/auth/target/auth-1.0-SNAPSHOT.jar:/Users/icshih/.m2/repository/org/w3c/dom/2.3.0-jaxb-1.0.6/dom-2.3.0-jaxb-1.0.6.jar:/Users/icshih/.m2/repository/ch/qos/logback/logback-classic/1.5.15/logback-classic-1.5.15.jar:/Users/icshih/.m2/repository/ch/qos/logback/logback-core/1.5.15/logback-core-1.5.15.jar:/Users/icshih/.m2/repository/org/slf4j/slf4j-api/2.0.15/slf4j-api-2.0.15.jar:/Users/icshih/.m2/repository/org/junit/jupiter/junit-jupiter-api/5.11.0/junit-jupiter-api-5.11.0.jar:/Users/icshih/.m2/repository/org/opentest4j/opentest4j/1.3.0/opentest4j-1.3.0.jar:/Users/icshih/.m2/repository/org/junit/platform/junit-platform-commons/1.11.0/junit-platform-commons-1.11.0.jar:/Users/icshih/.m2/repository/org/apiguardian/apiguardian-api/1.1.2/apiguardian-api-1.1.2.jar:/Users/icshih/.m2/repository/org/junit/jupiter/junit-jupiter-params/5.11.0/junit-jupiter-params-5.11.0.jar:"/>
    <property name="sun.cpu.endian" value="little"/>
    <property name="user.home" value="/Users/icshih"/>
    <property name="user.language" value="en"/>
    <property name="java.specification.vendor" value="Oracle Corporation"/>
    <property name="java.version.date" value="2024-10-15"/>
    <property name="java.home" value="/Users/icshih/.sdkman/candidates/java/21.0.5-oracle"/>
    <property name="file.separator" value="/"/>
    <property name="basedir" value="/Users/icshih/Programs/projects/starjava_fork/hdx"/>
    <property name="java.vm.compressedOopsMode" value="Zero based"/>
    <property name="line.separator" value="&#10;"/>
    <property name="java.vm.specification.vendor" value="Oracle Corporation"/>
    <property name="java.specification.name" value="Java Platform API Specification"/>
    <property name="apple.awt.application.name" value="ForkedBooter"/>
    <property name="surefire.real.class.path" value="/Users/icshih/Programs/projects/starjava_fork/hdx/target/surefire/surefirebooter-20241231212314031_53.jar"/>
    <property name="sun.management.compiler" value="HotSpot 64-Bit Tiered Compilers"/>
    <property name="java.runtime.version" value="21.0.5+9-LTS-239"/>
    <property name="user.name" value="icshih"/>
    <property name="stdout.encoding" value="UTF-8"/>
    <property name="path.separator" value=":"/>
    <property name="os.version" value="15.1.1"/>
    <property name="java.runtime.name" value="Java(TM) SE Runtime Environment"/>
    <property name="file.encoding" value="UTF-8"/>
    <property name="java.vm.name" value="Java HotSpot(TM) 64-Bit Server VM"/>
    <property name="localRepository" value="/Users/icshih/.m2/repository"/>
    <property name="java.vendor.url.bug" value="https://bugreport.java.com/bugreport/"/>
    <property name="java.io.tmpdir" value="/var/folders/s7/zyrnr97c8xjch5001s748nc80000gp/T/"/>
    <property name="idea.version" value="2024.3.1.1"/>
    <property name="java.version" value="21.0.5"/>
    <property name="user.dir" value="/Users/icshih/Programs/projects/starjava_fork/hdx"/>
    <property name="os.arch" value="aarch64"/>
    <property name="java.vm.specification.name" value="Java Virtual Machine Specification"/>
    <property name="native.encoding" value="UTF-8"/>
    <property name="java.library.path" value="/Users/icshih/Library/Java/Extensions:/Library/Java/Extensions:/Network/Library/Java/Extensions:/System/Library/Java/Extensions:/usr/lib/java:."/>
    <property name="java.vm.info" value="mixed mode, sharing"/>
    <property name="stderr.encoding" value="UTF-8"/>
    <property name="java.vendor" value="Oracle Corporation"/>
    <property name="java.vm.version" value="21.0.5+9-LTS-239"/>
    <property name="sun.io.unicode.encoding" value="UnicodeBig"/>
    <property name="java.class.version" value="65.0"/>
  </properties>
  <testcase name="testWeather" classname="uk.ac.starlink.hdx.ResourceTypeTest" time="0.0">
    <skipped message="public void uk.ac.starlink.hdx.ResourceTypeTest.testWeather() is @Disabled"/>
  </testcase>
  <testcase name="testFacade" classname="uk.ac.starlink.hdx.ResourceTypeTest" time="0.0">
    <skipped message="public void uk.ac.starlink.hdx.ResourceTypeTest.testFacade() throws java.lang.Exception is @Disabled"/>
  </testcase>
</testsuite>